
==================================请求时间:2018-04-28 00:18:56=======================================================
IP地址: ::1
请求地址:/CustomerService/public/index.php/add_customer_service
日志类型:ERROR
日志数据:[
     缺少参数:"data1"
]
==================================请求时间:2018-04-28 00:19:07=======================================================
IP地址: ::1
请求地址:/CustomerService/public/index.php/add_customer_service
日志类型:ERROR
日志数据:[
     缺少参数:["data1"]
]
==================================请求时间:2018-04-28 00:19:36=======================================================
IP地址: ::1
请求地址:/CustomerService/public/index.php/add_customer_service
日志类型:ERROR
日志数据:[
     客服名称重复不能重复添加
]
==================================请求时间:2018-04-28 00:20:56=======================================================
IP地址: ::1
请求地址:/CustomerService/public/index.php/add_customer_service
日志类型:ERROR
日志数据:[
     客服名称重复不能重复添加
]
==================================请求时间:2018-04-28 00:21:53=======================================================
IP地址: ::1
请求地址:/CustomerService/public/index.php/add_customer_service
日志类型:ERROR
日志数据:[
     客服名称重复不能重复添加
]
==================================请求时间:2018-04-28 00:21:54=======================================================
IP地址: ::1
请求地址:/CustomerService/public/index.php/add_customer_service
日志类型:ERROR
日志数据:[
     客服名称重复不能重复添加
]