
==================================请求时间:2018-04-25 23:10:11=======================================================
IP地址: 127.0.0.1
请求地址:/fuck
日志类型:TRACE
日志数据:[
     哈哈测试成功
]
==================================请求时间:2018-04-25 23:10:11=======================================================
IP地址: 127.0.0.1
请求地址:/fuck
日志类型:TRACE
日志数据:[
     哈哈测试成功
]
==================================请求时间:2018-04-25 23:10:11=======================================================
IP地址: 127.0.0.1
请求地址:/fuck
日志类型:TRACE
日志数据:[
     哈哈测试成功
]
==================================请求时间:2018-04-25 23:10:12=======================================================
IP地址: 127.0.0.1
请求地址:/fuck
日志类型:TRACE
日志数据:[
     哈哈测试成功
]
==================================请求时间:2018-04-25 23:10:12=======================================================
IP地址: 127.0.0.1
请求地址:/fuck
日志类型:TRACE
日志数据:[
     哈哈测试成功
]
==================================请求时间:2018-04-25 23:10:12=======================================================
IP地址: 127.0.0.1
请求地址:/fuck
日志类型:TRACE
日志数据:[
     哈哈测试成功
]
==================================请求时间:2018-04-25 23:10:12=======================================================
IP地址: 127.0.0.1
请求地址:/fuck
日志类型:TRACE
日志数据:[
     哈哈测试成功
]
==================================请求时间:2018-04-25 23:10:12=======================================================
IP地址: 127.0.0.1
请求地址:/fuck
日志类型:TRACE
日志数据:[
     哈哈测试成功
]
==================================请求时间:2018-04-25 23:10:13=======================================================
IP地址: 127.0.0.1
请求地址:/fuck
日志类型:TRACE
日志数据:[
     哈哈测试成功
]
==================================请求时间:2018-04-25 23:10:13=======================================================
IP地址: 127.0.0.1
请求地址:/fuck
日志类型:TRACE
日志数据:[
     哈哈测试成功
]
==================================请求时间:2018-04-25 23:10:13=======================================================
IP地址: 127.0.0.1
请求地址:/fuck
日志类型:TRACE
日志数据:[
     哈哈测试成功
]
==================================请求时间:2018-04-25 23:10:13=======================================================
IP地址: 127.0.0.1
请求地址:/fuck
日志类型:TRACE
日志数据:[
     哈哈测试成功
]
==================================请求时间:2018-04-25 23:10:13=======================================================
IP地址: 127.0.0.1
请求地址:/fuck
日志类型:TRACE
日志数据:[
     哈哈测试成功
]